<?xml version="1.0" encoding="UTF-8"?>
<!-- Generated by org.testng.reporters.JUnitReportReporter -->
<testsuite hostname="DESKTOP-E23CG37" failures="0" tests="4" name="automation.TestAutomationFramework.test.testDataProviderFlight" time="13.112" errors="0" timestamp="2023-12-07T10:56:34 IST" skipped="0">
  <testcase classname="automation.TestAutomationFramework.test.testDataProviderFlight" name="toTestOnewayTrip_ValidAndInvalidDetials" time="5.242"/>
  <system-out/>
  <testcase classname="automation.TestAutomationFramework.test.testDataProviderFlight" name="toTestOnewayTrip_ValidAndInvalidDetials" time="2.101"/>
  <system-out/>
  <testcase classname="automation.TestAutomationFramework.test.testDataProviderFlight" name="toTestTwoWayTripWithValidAndInvalidDetials" time="3.754"/>
  <system-out/>
  <testcase classname="automation.TestAutomationFramework.test.testDataProviderFlight" name="toTestTwoWayTripWithValidAndInvalidDetials" time="2.015"/>
  <system-out/>
</testsuite> <!-- automation.TestAutomationFramework.test.testDataProviderFlight -->
