<?xml version="1.0" encoding="UTF-8"?>
<!-- Generated by org.testng.reporters.JUnitReportReporter -->
<testsuite hostname="DESKTOP-JQRDOCP" failures="0" tests="1" name="automation.TestAutomationFramework.test.SampleTest" time="6.939" errors="0" timestamp="2023-03-06T16:12:29 IST" skipped="0">
  <testcase classname="automation.TestAutomationFramework.test.SampleTest" name="registerUser" time="6.939"/>
  <system-out/>
</testsuite> <!-- automation.TestAutomationFramework.test.SampleTest -->
