<?xml version="1.0" encoding="UTF-8"?>
<!-- Generated by org.testng.reporters.JUnitReportReporter -->
<testsuite hostname="DESKTOP-E23CG37" failures="0" tests="4" name="automation.TestAutomationFramework.test.FlightsTest" time="20.636" errors="0" timestamp="2024-01-16T18:04:06 IST" skipped="0">
  <testcase classname="automation.TestAutomationFramework.test.FlightsTest" name="testOnewayTrip_validAndInvalidDetials" time="4.416"/>
  <system-out/>
  <testcase classname="automation.TestAutomationFramework.test.FlightsTest" name="testOnewayTrip_validAndInvalidDetials" time="7.103"/>
  <system-out/>
  <testcase classname="automation.TestAutomationFramework.test.FlightsTest" name="testTwoWayTrip_validAndInvalidDetials" time="4.727"/>
  <system-out/>
  <testcase classname="automation.TestAutomationFramework.test.FlightsTest" name="testTwoWayTrip_validAndInvalidDetials" time="4.390"/>
  <system-out/>
</testsuite> <!-- automation.TestAutomationFramework.test.FlightsTest -->
