<?xml version="1.0" encoding="UTF-8"?>
<!-- Generated by org.testng.reporters.JUnitReportReporter -->
<testsuite hostname="DESKTOP-E23CG37" failures="0" tests="3" name="automation.TestAutomationFramework.test.LoginTest" time="11.022" errors="0" timestamp="2024-01-16T18:04:48 IST" skipped="0">
  <testcase classname="automation.TestAutomationFramework.test.LoginTest" name="toTestLoginWithValidUsernameAndPassword" time="5.899"/>
  <system-out/>
  <testcase classname="automation.TestAutomationFramework.test.LoginTest" name="toTestLoginWithInValidUsernameAndPassword" time="2.895"/>
  <system-out/>
  <testcase classname="automation.TestAutomationFramework.test.LoginTest" name="toTestLoginByClickingSubmitButton" time="2.228"/>
  <system-out/>
</testsuite> <!-- automation.TestAutomationFramework.test.LoginTest -->
