<?xml version="1.0" encoding="UTF-8"?>
<!-- Generated by org.testng.reporters.JUnitReportReporter -->
<testsuite hostname="DESKTOP-E23CG37" failures="0" tests="3" name="automation.TestAutomationFramework.test.RegisterTest" time="11.883" errors="0" timestamp="2023-12-07T17:48:04 IST" skipped="0">
  <testcase classname="automation.TestAutomationFramework.test.RegisterTest" name="toTestRegisterWithValidDetails" time="6.311"/>
  <system-out/>
  <testcase classname="automation.TestAutomationFramework.test.RegisterTest" name="toTestRegisterAlreadyRegUser" time="3.320"/>
  <system-out/>
  <testcase classname="automation.TestAutomationFramework.test.RegisterTest" name="toTestRegisterByClickingSubmitButton" time="2.252"/>
  <system-out/>
</testsuite> <!-- automation.TestAutomationFramework.test.RegisterTest -->
